  524.0     0.33442     0.35449
  553.2     0.30826     0.31451
  582.3     0.28350     0.28576
  611.4     0.26012     0.25684
  640.5     0.23810     0.24027
  669.6     0.21744     0.20885
  698.7     0.19810     0.18806
  727.8     0.18004     0.16877
  757.0     0.16324     0.15081
  786.1     0.14765     0.14155
  815.2     0.13323     0.12317
  844.3     0.11992     0.11253
  873.4     0.10767     0.10256
  902.5     0.09644     0.09336
  931.6     0.08616     0.08556
  960.8     0.07679     0.07752
  989.9     0.06827     0.07003
 1019.0     0.06054     0.06612
 1048.1     0.05355     0.05847
 1077.2     0.04724     0.05132
 1106.3     0.04158     0.04883
 1135.4     0.03649     0.03994
 1164.6     0.03195     0.03534
 1193.7     0.02790     0.03163
 1222.8     0.02431     0.03257
 1251.9     0.02112     0.02893
 1281.0     0.01830     0.02584
 1310.1     0.01582     0.02552
 1339.2     0.01363     0.02168
 1368.4     0.01172     0.02037
 1397.5     0.01005     0.02042
 1426.6     0.00860     0.01783
 1455.7     0.00734     0.01951
 1484.8     0.00624     0.01538
 1513.9     0.00530     0.01379
 1543.0     0.00448     0.00959
 1572.2     0.00378     0.01055
 1601.3     0.00318     0.01090
 1630.4     0.00267     0.01003
 1659.5     0.00224     0.00835
 1688.6     0.00187     0.00642
 1717.7     0.00156     0.00835
 1746.8     0.00129     0.00593
 1775.9     0.00107     0.00612
 1805.1     0.00089     0.00449
 1834.2     0.00073     0.00303
 1863.3     0.00060     0.00204
 1892.4     0.00049     0.00365
 1921.5     0.00040     0.00226
 1950.6     0.00033     0.00088
 1979.7     0.00027    -0.00110
 2008.9     0.00022    -0.00192
 2038.0     0.00017    -0.00202
 2067.1     0.00014    -0.00380
